2022-04-05 13:20:19.817+0000 INFO  Starting...
2022-04-05 13:20:21.761+0000 INFO  ======== Neo4j 4.3.6 ========
2022-04-05 13:20:26.986+0000 ERROR Failed to start Neo4j on dbms.connector.http.listen_address, a socket address. If missing port or hostname it is acquired from dbms.default_listen_address.
java.lang.RuntimeException: Error starting Neo4j database server at /data/databases
	at org.neo4j.graphdb.facade.DatabaseManagementServiceFactory.startDatabaseServer(DatabaseManagementServiceFactory.java:214) ~[neo4j-4.3.6.jar:4.3.6]
	at org.neo4j.graphdb.facade.DatabaseManagementServiceFactory.build(DatabaseManagementServiceFactory.java:170) ~[neo4j-4.3.6.jar:4.3.6]
	at org.neo4j.server.CommunityBootstrapper.createNeo(CommunityBootstrapper.java:36) ~[neo4j-4.3.6.jar:4.3.6]
	at org.neo4j.server.NeoBootstrapper.start(NeoBootstrapper.java:134) [neo4j-4.3.6.jar:4.3.6]
	at org.neo4j.server.NeoBootstrapper.start(NeoBootstrapper.java:90) [neo4j-4.3.6.jar:4.3.6]
	at org.neo4j.server.CommunityEntryPoint.main(CommunityEntryPoint.java:34) [neo4j-4.3.6.jar:4.3.6]
Caused by: org.neo4j.kernel.lifecycle.LifecycleException: Component 'org.neo4j.kernel.internal.locker.LockerLifecycleAdapter@1f86099a' was successfully initialized, but failed to start. Please see the attached cause exception "Lock file has been locked by another process: /data/databases/store_lock. Please ensure no other process is using this database, and that the directory is writable (required even for read-only access)".
	at org.neo4j.kernel.lifecycle.LifeSupport$LifecycleInstance.start(LifeSupport.java:463) ~[neo4j-common-4.3.6.jar:4.3.6]
	at org.neo4j.kernel.lifecycle.LifeSupport.start(LifeSupport.java:110) ~[neo4j-common-4.3.6.jar:4.3.6]
	at org.neo4j.graphdb.facade.DatabaseManagementServiceFactory.startDatabaseServer(DatabaseManagementServiceFactory.java:205) ~[neo4j-4.3.6.jar:4.3.6]
	... 5 more
Caused by: org.neo4j.kernel.internal.locker.FileLockException: Lock file has been locked by another process: /data/databases/store_lock. Please ensure no other process is using this database, and that the directory is writable (required even for read-only access)
	at org.neo4j.kernel.internal.locker.Locker.storeLockException(Locker.java:175) ~[neo4j-kernel-4.3.6.jar:4.3.6]
	at org.neo4j.kernel.internal.locker.Locker.checkLock(Locker.java:95) ~[neo4j-kernel-4.3.6.jar:4.3.6]
	at org.neo4j.kernel.internal.locker.GlobalFileLocker.checkLock(GlobalFileLocker.java:58) ~[neo4j-kernel-4.3.6.jar:4.3.6]
	at org.neo4j.kernel.internal.locker.GlobalLocker.checkLock(GlobalLocker.java:28) ~[neo4j-kernel-4.3.6.jar:4.3.6]
	at org.neo4j.kernel.internal.locker.LockerLifecycleAdapter.start(LockerLifecycleAdapter.java:36) ~[neo4j-kernel-4.3.6.jar:4.3.6]
	at org.neo4j.kernel.lifecycle.LifeSupport$LifecycleInstance.start(LifeSupport.java:442) ~[neo4j-common-4.3.6.jar:4.3.6]
	at org.neo4j.kernel.lifecycle.LifeSupport.start(LifeSupport.java:110) ~[neo4j-common-4.3.6.jar:4.3.6]
	at org.neo4j.graphdb.facade.DatabaseManagementServiceFactory.startDatabaseServer(DatabaseManagementServiceFactory.java:205) ~[neo4j-4.3.6.jar:4.3.6]
	... 5 more
2022-04-05 13:20:26.987+0000 INFO  Neo4j Server shutdown initiated by request
2022-04-05 13:20:26.988+0000 INFO  Stopped.
2022-04-05 13:22:06.364+0000 INFO  Starting...
2022-04-05 13:22:08.307+0000 INFO  ======== Neo4j 4.3.6 ========
2022-04-05 13:22:13.569+0000 ERROR Failed to start Neo4j on dbms.connector.http.listen_address, a socket address. If missing port or hostname it is acquired from dbms.default_listen_address.
java.lang.RuntimeException: Error starting Neo4j database server at /data/databases
	at org.neo4j.graphdb.facade.DatabaseManagementServiceFactory.startDatabaseServer(DatabaseManagementServiceFactory.java:214) ~[neo4j-4.3.6.jar:4.3.6]
	at org.neo4j.graphdb.facade.DatabaseManagementServiceFactory.build(DatabaseManagementServiceFactory.java:170) ~[neo4j-4.3.6.jar:4.3.6]
	at org.neo4j.server.CommunityBootstrapper.createNeo(CommunityBootstrapper.java:36) ~[neo4j-4.3.6.jar:4.3.6]
	at org.neo4j.server.NeoBootstrapper.start(NeoBootstrapper.java:134) [neo4j-4.3.6.jar:4.3.6]
	at org.neo4j.server.NeoBootstrapper.start(NeoBootstrapper.java:90) [neo4j-4.3.6.jar:4.3.6]
	at org.neo4j.server.CommunityEntryPoint.main(CommunityEntryPoint.java:34) [neo4j-4.3.6.jar:4.3.6]
Caused by: org.neo4j.kernel.lifecycle.LifecycleException: Component 'org.neo4j.kernel.internal.locker.LockerLifecycleAdapter@1f86099a' was successfully initialized, but failed to start. Please see the attached cause exception "Lock file has been locked by another process: /data/databases/store_lock. Please ensure no other process is using this database, and that the directory is writable (required even for read-only access)".
	at org.neo4j.kernel.lifecycle.LifeSupport$LifecycleInstance.start(LifeSupport.java:463) ~[neo4j-common-4.3.6.jar:4.3.6]
	at org.neo4j.kernel.lifecycle.LifeSupport.start(LifeSupport.java:110) ~[neo4j-common-4.3.6.jar:4.3.6]
	at org.neo4j.graphdb.facade.DatabaseManagementServiceFactory.startDatabaseServer(DatabaseManagementServiceFactory.java:205) ~[neo4j-4.3.6.jar:4.3.6]
	... 5 more
Caused by: org.neo4j.kernel.internal.locker.FileLockException: Lock file has been locked by another process: /data/databases/store_lock. Please ensure no other process is using this database, and that the directory is writable (required even for read-only access)
	at org.neo4j.kernel.internal.locker.Locker.storeLockException(Locker.java:175) ~[neo4j-kernel-4.3.6.jar:4.3.6]
	at org.neo4j.kernel.internal.locker.Locker.checkLock(Locker.java:95) ~[neo4j-kernel-4.3.6.jar:4.3.6]
	at org.neo4j.kernel.internal.locker.GlobalFileLocker.checkLock(GlobalFileLocker.java:58) ~[neo4j-kernel-4.3.6.jar:4.3.6]
	at org.neo4j.kernel.internal.locker.GlobalLocker.checkLock(GlobalLocker.java:28) ~[neo4j-kernel-4.3.6.jar:4.3.6]
	at org.neo4j.kernel.internal.locker.LockerLifecycleAdapter.start(LockerLifecycleAdapter.java:36) ~[neo4j-kernel-4.3.6.jar:4.3.6]
	at org.neo4j.kernel.lifecycle.LifeSupport$LifecycleInstance.start(LifeSupport.java:442) ~[neo4j-common-4.3.6.jar:4.3.6]
	at org.neo4j.kernel.lifecycle.LifeSupport.start(LifeSupport.java:110) ~[neo4j-common-4.3.6.jar:4.3.6]
	at org.neo4j.graphdb.facade.DatabaseManagementServiceFactory.startDatabaseServer(DatabaseManagementServiceFactory.java:205) ~[neo4j-4.3.6.jar:4.3.6]
	... 5 more
2022-04-05 13:22:13.570+0000 INFO  Neo4j Server shutdown initiated by request
2022-04-05 13:22:13.570+0000 INFO  Stopped.
